Mplus VERSION 8.10
MUTHEN & MUTHEN
12/02/2024  12:16 AM

INPUT INSTRUCTIONS

  TITLE:
  GMM 2-Class
  DATA:
  FILE = "C:/Users/dinan/Box/IES_IMMERSE/youtube_materials/growth-mixtures/
  gmm_enum/gmm_lsay.dat";
  VARIABLE:
  NAMES = id sci7 sci8 sci9 sci10 sci11 sci12;
   MISSING=.;
   usevar = sci7-sci12;
  classes = c(2);
  ANALYSIS:
  estimator = mlr;
      type = mixture;
      starts = 200 100;
      processors = 10;
  MODEL:
  %OVERALL%
         i s | sci7@0 sci8@1 sci9@2 sci10@3 sci11@4 sci12@5;
  OUTPUT:
  tech1 tech11 tech14 sampstat standardized;
  SAVEDATA:
  FILE IS savedata_c2.dat;
  SAVE = cprobabilities;
  PLOT:
  type=plot3;
            series = sci7-sci12(*)



*** WARNING
  Data set contains cases with missing on all variables.
  These cases were not included in the analysis.
  Number of cases with missing on all variables:  79
   1 WARNING(S) FOUND IN THE INPUT INSTRUCTIONS




GMM 2-Class

SUMMARY OF ANALYSIS

Number of groups                                                 1
Number of observations                                        5866

Number of dependent variables                                    6
Number of independent variables                                  0
Number of continuous latent variables                            2
Number of categorical latent variables                           1

Observed dependent variables

  Continuous
   SCI7        SCI8        SCI9        SCI10       SCI11       SCI12

Continuous latent variables
   I           S

Categorical latent variables
   C


Estimator                                                      MLR
Information matrix                                        OBSERVED
Optimization Specifications for the Quasi-Newton Algorithm for
Continuous Outcomes
  Maximum number of iterations                                 100
  Convergence criterion                                  0.100D-05
Optimization Specifications for the EM Algorithm
  Maximum number of iterations                                 500
  Convergence criteria
    Loglikelihood change                                 0.100D-06
    Relative loglikelihood change                        0.100D-06
    Derivative                                           0.100D-05
Optimization Specifications for the M step of the EM Algorithm for
Categorical Latent variables
  Number of M step iterations                                    1
  M step convergence criterion                           0.100D-05
  Basis for M step termination                           ITERATION
Optimization Specifications for the M step of the EM Algorithm for
Censored, Binary or Ordered Categorical (Ordinal), Unordered
Categorical (Nominal) and Count Outcomes
  Number of M step iterations                                    1
  M step convergence criterion                           0.100D-05
  Basis for M step termination                           ITERATION
  Maximum value for logit thresholds                            15
  Minimum value for logit thresholds                           -15
  Minimum expected cell size for chi-square              0.100D-01
Maximum number of iterations for H1                           2000
Convergence criterion for H1                             0.100D-03
Optimization algorithm                                         EMA
Random Starts Specifications
  Number of initial stage random starts                        200
  Number of final stage optimizations                          100
  Number of initial stage iterations                            10
  Initial stage convergence criterion                    0.100D+01
  Random starts scale                                    0.500D+01
  Random seed for generating random starts                       0

Input data file(s)
  C:/Users/dinan/Box/IES_IMMERSE/youtube_materials/growth-mixtures/gmm_enum/gmm_
Input data format  FREE


SUMMARY OF DATA

     Number of missing data patterns            49
     Number of y missing data patterns          49
     Number of u missing data patterns           0


COVARIANCE COVERAGE OF DATA

Minimum covariance coverage value   0.100


     PROPORTION OF DATA PRESENT FOR Y


           Covariance Coverage
              SCI7          SCI8          SCI9          SCI10         SCI11
              ________      ________      ________      ________      ________
 SCI7           0.524
 SCI8           0.425         0.431
 SCI9           0.392         0.352         0.397
 SCI10          0.334         0.297         0.305         0.800
 SCI11          0.268         0.245         0.244         0.566         0.612
 SCI12          0.193         0.179         0.178         0.447         0.415


           Covariance Coverage
              SCI12
              ________
 SCI12          0.482


SAMPLE STATISTICS


     ESTIMATED SAMPLE STATISTICS


           Means
              SCI7          SCI8          SCI9          SCI10         SCI11
              ________      ________      ________      ________      ________
               50.279        53.618        57.745        59.696        62.590


           Means
              SCI12
              ________
               64.082


           Covariances
              SCI7          SCI8          SCI9          SCI10         SCI11
              ________      ________      ________      ________      ________
 SCI7          97.323
 SCI8          83.169       113.251
 SCI9          78.717        95.847       115.692
 SCI10         79.266        92.753       103.619       124.287
 SCI11         80.825        94.282       103.322       113.653       132.546
 SCI12         81.856        92.650       100.754       110.435       125.071


           Covariances
              SCI12
              ________
 SCI12        142.765


           Correlations
              SCI7          SCI8          SCI9          SCI10         SCI11
              ________      ________      ________      ________      ________
 SCI7           1.000
 SCI8           0.792         1.000
 SCI9           0.742         0.837         1.000
 SCI10          0.721         0.782         0.864         1.000
 SCI11          0.712         0.770         0.834         0.885         1.000
 SCI12          0.694         0.729         0.784         0.829         0.909


           Correlations
              SCI12
              ________
 SCI12          1.000


     MAXIMUM LOG-LIKELIHOOD VALUE FOR THE UNRESTRICTED (H1) MODEL IS -63468.424


UNIVARIATE SAMPLE STATISTICS


     UNIVARIATE HIGHER-ORDER MOMENT DESCRIPTIVE STATISTICS

         Variable/         Mean/     Skewness/   Minimum/ % with                Percentiles
        Sample Size      Variance    Kurtosis    Maximum  Min/Max      20%/60%    40%/80%    Median

     SCI7                 50.405       0.199      26.140    0.03%      40.970     47.170     50.040
            3071.000     104.020      -0.460      88.030    0.03%      52.980     59.320
     SCI8                 54.046      -0.168      22.820    0.04%      43.690     51.700     54.640
            2527.000     124.424      -0.644      83.940    0.04%      57.880     64.060
     SCI9                 58.690      -0.347      27.360    0.04%      48.690     57.230     60.400
            2326.000     126.293      -0.394      91.210    0.04%      62.810     68.140
     SCI10                60.320      -0.144      26.970    0.02%      50.590     57.690     60.835
            4690.000     121.522      -0.432      91.330    0.02%      63.770     70.100
     SCI11                64.101      -0.342      24.440    0.03%      54.610     62.240     64.755
            3592.000     125.578      -0.169      93.130    0.03%      67.390     73.790
     SCI12                65.846      -0.351      26.380    0.04%      56.830     63.660     66.245
            2826.000     135.678       0.023      95.560    0.04%      68.860     75.850

RANDOM STARTS RESULTS RANKED FROM THE BEST TO THE WORST LOGLIKELIHOOD VALUES

Final stage loglikelihood values at local maxima, seeds, and initial stage start numbers:

          -63782.555  340112           126
          -63782.555  526324           178
          -63782.555  783110           72
          -63782.555  751153           110
          -63782.555  93468            3
          -63782.555  957392           79
          -63782.555  544048           87
          -63782.555  153942           31
          -63782.555  696773           80
          -63782.555  120506           45
          -63782.555  118421           139
          -63782.555  371246           101
          -63782.555  476498           179
          -63782.555  369602           146
          -63782.555  150531           154
          -63782.555  284109           82
          -63782.555  466971           109
          -63782.555  281558           184
          -63782.555  207896           25
          -63782.555  551639           55
          -63782.555  645664           39
          -63782.555  352277           42
          -63782.555  579995           183
          -63782.555  987090           70
          -63782.555  475420           71
          -63782.555  902278           21
          -63782.555  76974            16
          -63782.555  570908           98
          -63782.555  915107           54
          -63782.555  484501           163
          -63782.555  939709           112
          -63782.555  407168           44
          -63782.555  863094           147
          -63782.555  802779           122
          -63782.555  458181           189
          -63782.555  851945           18
          -63782.555  347515           24
          -63782.555  152496           123
          -63782.555  728038           177
          -63782.555  285380           1
          -63782.555  370466           41
          -63782.555  68985            17
          -63782.555  674171           195
          -63782.555  848163           47
          -63782.555  215353           164
          -63782.555  479273           156
          -63782.555  46437            153
          -63782.555  253358           2
          -63782.555  830392           35
          -63782.555  247224           94
          -63821.263  575700           100
          -63821.263  25127            107
          -63821.263  991329           182
          -63821.263  437181           135
          -63821.263  569833           85
          -63821.263  603842           61
          -63821.263  650371           14
          -63821.263  372176           23
          -63821.263  814975           129
          -63821.263  654136           167
          -63821.263  793035           187
          -63821.263  268217           83
          -63821.263  12477            155
          -63821.263  417035           149
          -63821.263  685657           69
          -63821.263  751054           117
          -63821.263  286735           175
          -63821.263  915642           40
          -63821.263  227563           63
          -63821.263  794236           127
          -63821.263  587946           120
          -63821.263  573096           20
          -63821.263  569131           26
          -63821.263  635245           121
          -63821.263  354208           196
          -63821.263  931874           141
          -63840.383  405079           68
          -63840.383  70118            104
          -63840.383  462953           7
          -63840.383  967237           48
          -63840.383  373505           88
          -63840.383  754100           56
          -63840.383  21345            199
          -63840.383  268896           124
          -63840.383  782200           84
          -63840.383  618000           190
          -63840.383  246261           38
          -63840.383  402224           91

12 perturbed starting value run(s) did not converge or were rejected in the third stage.



THE BEST LOGLIKELIHOOD VALUE HAS BEEN REPLICATED.  RERUN WITH AT LEAST TWICE THE
RANDOM STARTS TO CHECK THAT THE BEST LOGLIKELIHOOD IS STILL OBTAINED AND REPLICATED.


THE MODEL ESTIMATION TERMINATED NORMALLY



MODEL FIT INFORMATION

Number of Free Parameters                       14

Loglikelihood

          H0 Value                      -63782.555
          H0 Scaling Correction Factor      1.2055
            for MLR

Information Criteria

          Akaike (AIC)                  127593.110
          Bayesian (BIC)                127686.587
          Sample-Size Adjusted BIC      127642.099
            (n* = (n + 2) / 24)



FINAL CLASS COUNTS AND PROPORTIONS FOR THE LATENT CLASSES
BASED ON THE ESTIMATED MODEL

    Latent
   Classes

       1        905.57543          0.15438
       2       4960.42457          0.84562


FINAL CLASS COUNTS AND PROPORTIONS FOR THE LATENT CLASSES
BASED ON ESTIMATED POSTERIOR PROBABILITIES

    Latent
   Classes

       1        905.57543          0.15438
       2       4960.42457          0.84562


FINAL CLASS COUNTS AND PROPORTIONS FOR THE LATENT CLASSES
BASED ON THEIR MOST LIKELY LATENT CLASS MEMBERSHIP

Class Counts and Proportions

    Latent
   Classes

       1              547          0.09325
       2             5319          0.90675


CLASSIFICATION QUALITY

     Entropy                         0.623


Average Latent Class Probabilities for Most Likely Latent Class Membership (Row)
by Latent Class (Column)

           1        2

    1   0.748    0.252
    2   0.093    0.907


Classification Probabilities for the Most Likely Latent Class Membership (Column)
by Latent Class (Row)

           1        2

    1   0.452    0.548
    2   0.028    0.972


Logits for the Classification Probabilities for the Most Likely Latent Class Membership (Column)
by Latent Class (Row)

              1        2

    1     -0.194    0.000
    2     -3.554    0.000


MODEL RESULTS

                                                    Two-Tailed
                    Estimate       S.E.  Est./S.E.    P-Value

Latent Class 1

 I        |
    SCI7               1.000      0.000    999.000    999.000
    SCI8               1.000      0.000    999.000    999.000
    SCI9               1.000      0.000    999.000    999.000
    SCI10              1.000      0.000    999.000    999.000
    SCI11              1.000      0.000    999.000    999.000
    SCI12              1.000      0.000    999.000    999.000

 S        |
    SCI7               0.000      0.000    999.000    999.000
    SCI8               1.000      0.000    999.000    999.000
    SCI9               2.000      0.000    999.000    999.000
    SCI10              3.000      0.000    999.000    999.000
    SCI11              4.000      0.000    999.000    999.000
    SCI12              5.000      0.000    999.000    999.000

 S        WITH
    I                 -1.679      0.411     -4.085      0.000

 Means
    I                 46.832      0.437    107.145      0.000
    S                  0.276      0.192      1.439      0.150

 Intercepts
    SCI7               0.000      0.000    999.000    999.000
    SCI8               0.000      0.000    999.000    999.000
    SCI9               0.000      0.000    999.000    999.000
    SCI10              0.000      0.000    999.000    999.000
    SCI11              0.000      0.000    999.000    999.000
    SCI12              0.000      0.000    999.000    999.000

 Variances
    I                 81.071      2.199     36.866      0.000
    S                  0.979      0.107      9.188      0.000

 Residual Variances
    SCI7              23.928      1.228     19.493      0.000
    SCI8              21.019      0.964     21.803      0.000
    SCI9              20.904      0.951     21.983      0.000
    SCI10             18.865      0.839     22.493      0.000
    SCI11              9.106      0.565     16.106      0.000
    SCI12             18.245      1.049     17.397      0.000

Latent Class 2

 I        |
    SCI7               1.000      0.000    999.000    999.000
    SCI8               1.000      0.000    999.000    999.000
    SCI9               1.000      0.000    999.000    999.000
    SCI10              1.000      0.000    999.000    999.000
    SCI11              1.000      0.000    999.000    999.000
    SCI12              1.000      0.000    999.000    999.000

 S        |
    SCI7               0.000      0.000    999.000    999.000
    SCI8               1.000      0.000    999.000    999.000
    SCI9               2.000      0.000    999.000    999.000
    SCI10              3.000      0.000    999.000    999.000
    SCI11              4.000      0.000    999.000    999.000
    SCI12              5.000      0.000    999.000    999.000

 S        WITH
    I                 -1.679      0.411     -4.085      0.000

 Means
    I                 51.856      0.219    237.325      0.000
    S                  3.263      0.049     66.964      0.000

 Intercepts
    SCI7               0.000      0.000    999.000    999.000
    SCI8               0.000      0.000    999.000    999.000
    SCI9               0.000      0.000    999.000    999.000
    SCI10              0.000      0.000    999.000    999.000
    SCI11              0.000      0.000    999.000    999.000
    SCI12              0.000      0.000    999.000    999.000

 Variances
    I                 81.071      2.199     36.866      0.000
    S                  0.979      0.107      9.188      0.000

 Residual Variances
    SCI7              23.928      1.228     19.493      0.000
    SCI8              21.019      0.964     21.803      0.000
    SCI9              20.904      0.951     21.983      0.000
    SCI10             18.865      0.839     22.493      0.000
    SCI11              9.106      0.565     16.106      0.000
    SCI12             18.245      1.049     17.397      0.000

Categorical Latent Variables

 Means
    C#1               -1.701      0.145    -11.749      0.000


QUALITY OF NUMERICAL RESULTS

     Condition Number for the Information Matrix              0.159E-03
       (ratio of smallest to largest eigenvalue)


STANDARDIZED MODEL RESULTS


STDYX Standardization

                                                    Two-Tailed
                    Estimate       S.E.  Est./S.E.    P-Value

Latent Class 1

 I        |
    SCI7               0.879      0.006    142.613      0.000
    SCI8               0.902      0.007    137.065      0.000
    SCI9               0.904      0.008    106.946      0.000
    SCI10              0.906      0.011     81.786      0.000
    SCI11              0.937      0.014     65.271      0.000
    SCI12              0.870      0.015     56.706      0.000

 S        |
    SCI7               0.000      0.000    999.000    999.000
    SCI8               0.099      0.006     18.010      0.000
    SCI9               0.199      0.011     17.782      0.000
    SCI10              0.299      0.017     17.622      0.000
    SCI11              0.412      0.023     17.524      0.000
    SCI12              0.478      0.026     18.375      0.000

 S        WITH
    I                 -0.188      0.040     -4.672      0.000

 Means
    I                  5.201      0.071     73.093      0.000
    S                  0.279      0.193      1.446      0.148

 Intercepts
    SCI7               0.000      0.000    999.000    999.000
    SCI8               0.000      0.000    999.000    999.000
    SCI9               0.000      0.000    999.000    999.000
    SCI10              0.000      0.000    999.000    999.000
    SCI11              0.000      0.000    999.000    999.000
    SCI12              0.000      0.000    999.000    999.000

 Variances
    I                  1.000      0.000    999.000    999.000
    S                  1.000      0.000    999.000    999.000

 Residual Variances
    SCI7               0.228      0.011     21.046      0.000
    SCI8               0.211      0.009     22.572      0.000
    SCI9               0.211      0.009     22.786      0.000
    SCI10              0.191      0.009     21.861      0.000
    SCI11              0.099      0.006     15.774      0.000
    SCI12              0.171      0.010     17.276      0.000

Latent Class 2

 I        |
    SCI7               0.879      0.006    142.613      0.000
    SCI8               0.902      0.007    137.065      0.000
    SCI9               0.904      0.008    106.946      0.000
    SCI10              0.906      0.011     81.786      0.000
    SCI11              0.937      0.014     65.271      0.000
    SCI12              0.870      0.015     56.706      0.000

 S        |
    SCI7               0.000      0.000    999.000    999.000
    SCI8               0.099      0.006     18.010      0.000
    SCI9               0.199      0.011     17.782      0.000
    SCI10              0.299      0.017     17.622      0.000
    SCI11              0.412      0.023     17.524      0.000
    SCI12              0.478      0.026     18.375      0.000

 S        WITH
    I                 -0.188      0.040     -4.672      0.000

 Means
    I                  5.759      0.089     64.951      0.000
    S                  3.298      0.184     17.951      0.000

 Intercepts
    SCI7               0.000      0.000    999.000    999.000
    SCI8               0.000      0.000    999.000    999.000
    SCI9               0.000      0.000    999.000    999.000
    SCI10              0.000      0.000    999.000    999.000
    SCI11              0.000      0.000    999.000    999.000
    SCI12              0.000      0.000    999.000    999.000

 Variances
    I                  1.000      0.000    999.000    999.000
    S                  1.000      0.000    999.000    999.000

 Residual Variances
    SCI7               0.228      0.011     21.046      0.000
    SCI8               0.211      0.009     22.572      0.000
    SCI9               0.211      0.009     22.786      0.000
    SCI10              0.191      0.009     21.861      0.000
    SCI11              0.099      0.006     15.774      0.000
    SCI12              0.171      0.010     17.276      0.000


STDY Standardization

                                                    Two-Tailed
                    Estimate       S.E.  Est./S.E.    P-Value

Latent Class 1

 I        |
    SCI7               0.879      0.006    142.613      0.000
    SCI8               0.902      0.007    137.065      0.000
    SCI9               0.904      0.008    106.946      0.000
    SCI10              0.906      0.011     81.786      0.000
    SCI11              0.937      0.014     65.271      0.000
    SCI12              0.870      0.015     56.706      0.000

 S        |
    SCI7               0.000      0.000    999.000    999.000
    SCI8               0.099      0.006     18.010      0.000
    SCI9               0.199      0.011     17.782      0.000
    SCI10              0.299      0.017     17.622      0.000
    SCI11              0.412      0.023     17.524      0.000
    SCI12              0.478      0.026     18.375      0.000

 S        WITH
    I                 -0.188      0.040     -4.672      0.000

 Means
    I                  5.201      0.071     73.093      0.000
    S                  0.279      0.193      1.446      0.148

 Intercepts
    SCI7               0.000      0.000    999.000    999.000
    SCI8               0.000      0.000    999.000    999.000
    SCI9               0.000      0.000    999.000    999.000
    SCI10              0.000      0.000    999.000    999.000
    SCI11              0.000      0.000    999.000    999.000
    SCI12              0.000      0.000    999.000    999.000

 Variances
    I                  1.000      0.000    999.000    999.000
    S                  1.000      0.000    999.000    999.000

 Residual Variances
    SCI7               0.228      0.011     21.046      0.000
    SCI8               0.211      0.009     22.572      0.000
    SCI9               0.211      0.009     22.786      0.000
    SCI10              0.191      0.009     21.861      0.000
    SCI11              0.099      0.006     15.774      0.000
    SCI12              0.171      0.010     17.276      0.000

Latent Class 2

 I        |
    SCI7               0.879      0.006    142.613      0.000
    SCI8               0.902      0.007    137.065      0.000
    SCI9               0.904      0.008    106.946      0.000
    SCI10              0.906      0.011     81.786      0.000
    SCI11              0.937      0.014     65.271      0.000
    SCI12              0.870      0.015     56.706      0.000

 S        |
    SCI7               0.000      0.000    999.000    999.000
    SCI8               0.099      0.006     18.010      0.000
    SCI9               0.199      0.011     17.782      0.000
    SCI10              0.299      0.017     17.622      0.000
    SCI11              0.412      0.023     17.524      0.000
    SCI12              0.478      0.026     18.375      0.000

 S        WITH
    I                 -0.188      0.040     -4.672      0.000

 Means
    I                  5.759      0.089     64.951      0.000
    S                  3.298      0.184     17.951      0.000

 Intercepts
    SCI7               0.000      0.000    999.000    999.000
    SCI8               0.000      0.000    999.000    999.000
    SCI9               0.000      0.000    999.000    999.000
    SCI10              0.000      0.000    999.000    999.000
    SCI11              0.000      0.000    999.000    999.000
    SCI12              0.000      0.000    999.000    999.000

 Variances
    I                  1.000      0.000    999.000    999.000
    S                  1.000      0.000    999.000    999.000

 Residual Variances
    SCI7               0.228      0.011     21.046      0.000
    SCI8               0.211      0.009     22.572      0.000
    SCI9               0.211      0.009     22.786      0.000
    SCI10              0.191      0.009     21.861      0.000
    SCI11              0.099      0.006     15.774      0.000
    SCI12              0.171      0.010     17.276      0.000


STD Standardization

                                                    Two-Tailed
                    Estimate       S.E.  Est./S.E.    P-Value

Latent Class 1

 I        |
    SCI7               9.004      0.122     73.732      0.000
    SCI8               9.004      0.122     73.732      0.000
    SCI9               9.004      0.122     73.732      0.000
    SCI10              9.004      0.122     73.732      0.000
    SCI11              9.004      0.122     73.732      0.000
    SCI12              9.004      0.122     73.732      0.000

 S        |
    SCI7               0.000      0.000    999.000    999.000
    SCI8               0.989      0.054     18.376      0.000
    SCI9               1.979      0.108     18.376      0.000
    SCI10              2.968      0.162     18.376      0.000
    SCI11              3.958      0.215     18.376      0.000
    SCI12              4.947      0.269     18.376      0.000

 S        WITH
    I                 -0.188      0.040     -4.672      0.000

 Means
    I                  5.201      0.071     73.093      0.000
    S                  0.279      0.193      1.446      0.148

 Intercepts
    SCI7               0.000      0.000    999.000    999.000
    SCI8               0.000      0.000    999.000    999.000
    SCI9               0.000      0.000    999.000    999.000
    SCI10              0.000      0.000    999.000    999.000
    SCI11              0.000      0.000    999.000    999.000
    SCI12              0.000      0.000    999.000    999.000

 Variances
    I                  1.000      0.000    999.000    999.000
    S                  1.000      0.000    999.000    999.000

 Residual Variances
    SCI7              23.928      1.228     19.493      0.000
    SCI8              21.019      0.964     21.803      0.000
    SCI9              20.904      0.951     21.983      0.000
    SCI10             18.865      0.839     22.493      0.000
    SCI11              9.106      0.565     16.106      0.000
    SCI12             18.245      1.049     17.397      0.000

Latent Class 2

 I        |
    SCI7               9.004      0.122     73.732      0.000
    SCI8               9.004      0.122     73.732      0.000
    SCI9               9.004      0.122     73.732      0.000
    SCI10              9.004      0.122     73.732      0.000
    SCI11              9.004      0.122     73.732      0.000
    SCI12              9.004      0.122     73.732      0.000

 S        |
    SCI7               0.000      0.000    999.000    999.000
    SCI8               0.989      0.054     18.376      0.000
    SCI9               1.979      0.108     18.376      0.000
    SCI10              2.968      0.162     18.376      0.000
    SCI11              3.958      0.215     18.376      0.000
    SCI12              4.947      0.269     18.376      0.000

 S        WITH
    I                 -0.188      0.040     -4.672      0.000

 Means
    I                  5.759      0.089     64.951      0.000
    S                  3.298      0.184     17.951      0.000

 Intercepts
    SCI7               0.000      0.000    999.000    999.000
    SCI8               0.000      0.000    999.000    999.000
    SCI9               0.000      0.000    999.000    999.000
    SCI10              0.000      0.000    999.000    999.000
    SCI11              0.000      0.000    999.000    999.000
    SCI12              0.000      0.000    999.000    999.000

 Variances
    I                  1.000      0.000    999.000    999.000
    S                  1.000      0.000    999.000    999.000

 Residual Variances
    SCI7              23.928      1.228     19.493      0.000
    SCI8              21.019      0.964     21.803      0.000
    SCI9              20.904      0.951     21.983      0.000
    SCI10             18.865      0.839     22.493      0.000
    SCI11              9.106      0.565     16.106      0.000
    SCI12             18.245      1.049     17.397      0.000


R-SQUARE

Class 1

    Observed                                        Two-Tailed
    Variable        Estimate       S.E.  Est./S.E.    P-Value

    SCI7               0.772      0.011     71.306      0.000
    SCI8               0.789      0.009     84.506      0.000
    SCI9               0.789      0.009     85.319      0.000
    SCI10              0.809      0.009     92.488      0.000
    SCI11              0.901      0.006    144.303      0.000
    SCI12              0.829      0.010     84.045      0.000

Class 2

    Observed                                        Two-Tailed
    Variable        Estimate       S.E.  Est./S.E.    P-Value

    SCI7               0.772      0.011     71.306      0.000
    SCI8               0.789      0.009     84.506      0.000
    SCI9               0.789      0.009     85.319      0.000
    SCI10              0.809      0.009     92.488      0.000
    SCI11              0.901      0.006    144.303      0.000
    SCI12              0.829      0.010     84.045      0.000


TECHNICAL 1 OUTPUT


     PARAMETER SPECIFICATION FOR LATENT CLASS 1


           NU
              SCI7          SCI8          SCI9          SCI10         SCI11
              ________      ________      ________      ________      ________
                    0             0             0             0             0


           NU
              SCI12
              ________
                    0


           LAMBDA
              I             S
              ________      ________
 SCI7               0             0
 SCI8               0             0
 SCI9               0             0
 SCI10              0             0
 SCI11              0             0
 SCI12              0             0


           THETA
              SCI7          SCI8          SCI9          SCI10         SCI11
              ________      ________      ________      ________      ________
 SCI7               1
 SCI8               0             2
 SCI9               0             0             3
 SCI10              0             0             0             4
 SCI11              0             0             0             0             5
 SCI12              0             0             0             0             0


           THETA
              SCI12
              ________
 SCI12              6


           ALPHA
              I             S
              ________      ________
                    7             8


           BETA
              I             S
              ________      ________
 I                  0             0
 S                  0             0


           PSI
              I             S
              ________      ________
 I                  9
 S                 10            11


     PARAMETER SPECIFICATION FOR LATENT CLASS 2


           NU
              SCI7          SCI8          SCI9          SCI10         SCI11
              ________      ________      ________      ________      ________
                    0             0             0             0             0


           NU
              SCI12
              ________
                    0


           LAMBDA
              I             S
              ________      ________
 SCI7               0             0
 SCI8               0             0
 SCI9               0             0
 SCI10              0             0
 SCI11              0             0
 SCI12              0             0


           THETA
              SCI7          SCI8          SCI9          SCI10         SCI11
              ________      ________      ________      ________      ________
 SCI7               1
 SCI8               0             2
 SCI9               0             0             3
 SCI10              0             0             0             4
 SCI11              0             0             0             0             5
 SCI12              0             0             0             0             0


           THETA
              SCI12
              ________
 SCI12              6


           ALPHA
              I             S
              ________      ________
                   12            13


           BETA
              I             S
              ________      ________
 I                  0             0
 S                  0             0


           PSI
              I             S
              ________      ________
 I                  9
 S                 10            11


     PARAMETER SPECIFICATION FOR LATENT CLASS REGRESSION MODEL PART


           ALPHA(C)
              C#1           C#2
              ________      ________
                   14             0


     STARTING VALUES FOR LATENT CLASS 1


           NU
              SCI7          SCI8          SCI9          SCI10         SCI11
              ________      ________      ________      ________      ________
                0.000         0.000         0.000         0.000         0.000


           NU
              SCI12
              ________
                0.000


           LAMBDA
              I             S
              ________      ________
 SCI7           1.000         0.000
 SCI8           1.000         1.000
 SCI9           1.000         2.000
 SCI10          1.000         3.000
 SCI11          1.000         4.000
 SCI12          1.000         5.000


           THETA
              SCI7          SCI8          SCI9          SCI10         SCI11
              ________      ________      ________      ________      ________
 SCI7          52.010
 SCI8           0.000        62.212
 SCI9           0.000         0.000        63.147
 SCI10          0.000         0.000         0.000        60.761
 SCI11          0.000         0.000         0.000         0.000        62.789
 SCI12          0.000         0.000         0.000         0.000         0.000


           THETA
              SCI12
              ________
 SCI12         67.839


           ALPHA
              I             S
              ________      ________
               49.441         3.048


           BETA
              I             S
              ________      ________
 I              0.000         0.000
 S              0.000         0.000


           PSI
              I             S
              ________      ________
 I            110.736
 S              0.000        17.390


     STARTING VALUES FOR LATENT CLASS 2


           NU
              SCI7          SCI8          SCI9          SCI10         SCI11
              ________      ________      ________      ________      ________
                0.000         0.000         0.000         0.000         0.000


           NU
              SCI12
              ________
                0.000


           LAMBDA
              I             S
              ________      ________
 SCI7           1.000         0.000
 SCI8           1.000         1.000
 SCI9           1.000         2.000
 SCI10          1.000         3.000
 SCI11          1.000         4.000
 SCI12          1.000         5.000


           THETA
              SCI7          SCI8          SCI9          SCI10         SCI11
              ________      ________      ________      ________      ________
 SCI7          52.010
 SCI8           0.000        62.212
 SCI9           0.000         0.000        63.147
 SCI10          0.000         0.000         0.000        60.761
 SCI11          0.000         0.000         0.000         0.000        62.789
 SCI12          0.000         0.000         0.000         0.000         0.000


           THETA
              SCI12
              ________
 SCI12         67.839


           ALPHA
              I             S
              ________      ________
               49.441         3.048


           BETA
              I             S
              ________      ________
 I              0.000         0.000
 S              0.000         0.000


           PSI
              I             S
              ________      ________
 I            110.736
 S              0.000        17.390


     STARTING VALUES FOR LATENT CLASS REGRESSION MODEL PART


           ALPHA(C)
              C#1           C#2
              ________      ________
                0.000         0.000


TECHNICAL 11 OUTPUT

     Random Starts Specifications for the k-1 Class Analysis Model
        Number of initial stage random starts                 200
        Number of final stage optimizations                   100



     VUONG-LO-MENDELL-RUBIN LIKELIHOOD RATIO TEST FOR 1 (H0) VERSUS 2 CLASSES

          H0 Loglikelihood Value                       -63865.663
          2 Times the Loglikelihood Difference            166.216
          Difference in the Number of Parameters                3
          Mean                                              3.228
          Standard Deviation                                4.182
          P-Value                                          0.0000

     LO-MENDELL-RUBIN ADJUSTED LRT TEST

          Value                                           160.067
          P-Value                                          0.0000


TECHNICAL 14 OUTPUT

     Random Starts Specifications for the k-1 Class Analysis Model
        Number of initial stage random starts                 200
        Number of final stage optimizations                   100

     Random Starts Specification for the k-1 Class Model for Generated Data
        Number of initial stage random starts                   0
        Number of final stage optimizations for the
           initial stage random starts                          0
     Random Starts Specification for the k Class Model for Generated Data
        Number of initial stage random starts                  40
        Number of final stage optimizations                     8
     Number of bootstrap draws requested                   Varies


     PARAMETRIC BOOTSTRAPPED LIKELIHOOD RATIO TEST FOR 1 (H0) VERSUS 2 CLASSES

          H0 Loglikelihood Value                       -63865.663
          2 Times the Loglikelihood Difference            166.216
          Difference in the Number of Parameters                3
          Approximate P-Value                              0.0000
          Successful Bootstrap Draws                            5

     WARNING:  OF THE 5 BOOTSTRAP DRAWS, 4 DRAWS HAD BOTH A SMALLER LRT VALUE THAN THE
     OBSERVED LRT VALUE AND NOT A REPLICATED BEST LOGLIKELIHOOD VALUE FOR THE 2-CLASS MODEL.
     THIS MEANS THAT THE P-VALUE MAY NOT BE TRUSTWORTHY DUE TO LOCAL MAXIMA.
     INCREASE THE NUMBER OF RANDOM STARTS USING THE LRTSTARTS OPTION.



SAMPLE STATISTICS FOR ESTIMATED FACTOR SCORES


     SAMPLE STATISTICS


           Means
              I             S             C_I           C_S
              ________      ________      ________      ________
               51.080         2.802        50.807         2.958


           Covariances
              I             S             C_I           C_S
              ________      ________      ________      ________
 I             68.581
 S              3.316         0.873
 C_I           69.351         3.271        70.967
 C_S            2.739         0.888         2.401         1.057


           Correlations
              I             S             C_I           C_S
              ________      ________      ________      ________
 I              1.000
 S              0.429         1.000
 C_I            0.994         0.416         1.000
 C_S            0.322         0.924         0.277         1.000


PLOT INFORMATION

The following plots are available:

  Histograms (sample values, estimated factor scores, estimated values, residuals)
  Scatterplots (sample values, estimated factor scores, estimated values, residuals)
  Sample means
  Estimated means, medians, modes, and percentiles
  Sample and estimated means
  Latent variable distribution plots
  Observed individual values
  Estimated individual values
  Estimated means and observed individual values
  Estimated means and estimated individual values
  Estimated overall and class-specific distributions

SAVEDATA INFORMATION


  Save file
    savedata_c2.dat

  Order and format of variables

    SCI7           F10.3
    SCI8           F10.3
    SCI9           F10.3
    SCI10          F10.3
    SCI11          F10.3
    SCI12          F10.3
    I              F10.3
    S              F10.3
    C_I            F10.3
    C_S            F10.3
    CPROB1         F10.3
    CPROB2         F10.3
    C              F10.3

  Save file format
    13F10.3

  Save file record length    10000

  Save missing symbol        *


     Beginning Time:  00:16:25
        Ending Time:  00:17:23
       Elapsed Time:  00:00:58



MUTHEN & MUTHEN
3463 Stoner Ave.
Los Angeles, CA  90066

Tel: (310) 391-9971
Fax: (310) 391-8971
Web: www.StatModel.com
Support: Support@StatModel.com

Copyright (c) 1998-2023 Muthen & Muthen
